<?xml version="1.0" encoding="UTF-8"?>
<coverage generated="1729353020668" clover="3.2.0">
  <project timestamp="1729353020668" name="All files">
    <metrics statements="20" coveredstatements="19" conditionals="4" coveredconditionals="3" methods="9" coveredmethods="9" elements="33" coveredelements="31" complexity="0" loc="20" ncloc="20" packages="1" files="1" classes="1"/>
    <file name="users.ts" path="/Users/volhapatsiahevich/Documents/node js course/CRUD_API/src/model/users.ts">
      <metrics statements="20" coveredstatements="19" conditionals="4" coveredconditionals="3" methods="9" coveredmethods="9"/>
      <line num="2" count="1" type="stmt"/>
      <line num="14" count="1" type="stmt"/>
      <line num="15" count="8" type="stmt"/>
      <line num="18" count="8" type="cond" truecount="1" falsecount="1"/>
      <line num="19" count="8" type="stmt"/>
      <line num="21" count="0" type="stmt"/>
      <line num="25" count="1" type="stmt"/>
      <line num="31" count="1" type="stmt"/>
      <line num="32" count="1" type="stmt"/>
      <line num="36" count="7" type="stmt"/>
      <line num="40" count="2" type="stmt"/>
      <line num="49" count="2" type="stmt"/>
      <line num="50" count="2" type="cond" truecount="1" falsecount="0"/>
      <line num="52" count="1" type="stmt"/>
      <line num="58" count="1" type="stmt"/>
      <line num="59" count="1" type="stmt"/>
      <line num="63" count="2" type="stmt"/>
      <line num="64" count="2" type="cond" truecount="1" falsecount="0"/>
      <line num="66" count="1" type="stmt"/>
      <line num="67" count="1" type="stmt"/>
    </file>
  </project>
</coverage>
