TN:
SF:src/model/users.ts
FN:17,(anonymous_0)
FN:24,(anonymous_1)
FN:35,(anonymous_2)
FN:39,(anonymous_3)
FN:40,(anonymous_4)
FN:43,(anonymous_5)
FN:49,(anonymous_6)
FN:62,(anonymous_7)
FN:63,(anonymous_8)
FNF:9
FNH:9
FNDA:8,(anonymous_0)
FNDA:1,(anonymous_1)
FNDA:7,(anonymous_2)
FNDA:2,(anonymous_3)
FNDA:2,(anonymous_4)
FNDA:2,(anonymous_5)
FNDA:2,(anonymous_6)
FNDA:2,(anonymous_7)
FNDA:2,(anonymous_8)
DA:2,1
DA:14,1
DA:15,8
DA:18,8
DA:19,8
DA:21,0
DA:25,1
DA:31,1
DA:32,1
DA:36,7
DA:40,2
DA:49,2
DA:50,2
DA:52,1
DA:58,1
DA:59,1
DA:63,2
DA:64,2
DA:66,1
DA:67,1
LF:20
LH:19
BRDA:18,0,0,8
BRDA:18,0,1,0
BRDA:50,1,0,1
BRDA:64,2,0,1
BRF:4
BRH:3
end_of_record
